[0mGET / [0m-[0m - ms - -[0m
[0mGET / [0m-[0m - ms - -[0m
[0mGET / [0m-[0m - ms - -[0m
[0mGET / [32m200[0m 185.512 ms - 1582[0m
[0mGET /iconos/faviconCatalogo.ico [33m404[0m 6.965 ms - 0[0m
[0mGET / [32m200[0m 139.284 ms - 2900[0m
[0mGET /imagenes/blog.jpg [33m404[0m 4.678 ms - 0[0m
[0mGET /imagenes/tienda.jpg [33m404[0m 2.869 ms - 0[0m
[0mGET / [36m304[0m 51.562 ms - -[0m
[0mGET /imagenes/blog.jpg [33m404[0m 4.387 ms - 0[0m
[0mGET /imagenes/tienda.jpg [33m404[0m 5.441 ms - 0[0m
[0mGET / [32m200[0m 54.607 ms - 2904[0m
[0mGET /img/imagenBlogs.jpg [33m404[0m 2.710 ms - 0[0m
[0mGET /imagenes/tienda.jpg [33m404[0m 2.030 ms - 0[0m
[0mGET / [36m304[0m 45.892 ms - -[0m
[0mGET /img/imagenBlogs.jpg [33m404[0m 1.566 ms - 0[0m
[0mGET /imagenes/tienda.jpg [33m404[0m 2.583 ms - 0[0m
[0mGET / [36m304[0m 48.537 ms - -[0m
[0mGET /img/imagenBlogs.jpg [33m404[0m 3.189 ms - 0[0m
[0mGET /imagenes/tienda.jpg [33m404[0m 4.309 ms - 0[0m
[0mGET /blogs [32m200[0m 3.861 ms - 0[0m
[0mGET /favicon.ico [33m404[0m 2.538 ms - 0[0m
[0mGET /tienda [31m500[0m 6.183 ms - 1485[0m
[0mGET / [36m304[0m 53.037 ms - -[0m
[0mGET /img/imagenBlogs.jpg [33m404[0m 3.647 ms - 0[0m
[0mGET /imagenes/tienda.jpg [33m404[0m 5.243 ms - 0[0m
[0mGET / [32m200[0m 51.317 ms - 2907[0m
[0mGET /img/imagenBlogs.jpg [33m404[0m 2.261 ms - 0[0m
[0mGET /img/imagenTienda.jpg [33m404[0m 1.973 ms - 0[0m
[0mGET / [36m304[0m 143.826 ms - -[0m
[0mGET / [36m304[0m 57.889 ms - -[0m
[0mGET / [36m304[0m 51.932 ms - -[0m
[0mGET / [36m304[0m 54.351 ms - -[0m
[0mGET / [32m200[0m 47.954 ms - 2921[0m
[0mGET / [32m200[0m 52.269 ms - 2923[0m
[0mGET / [36m304[0m 50.211 ms - -[0m
[0mGET / [36m304[0m 47.397 ms - -[0m
[0mGET / [36m304[0m 54.407 ms - -[0m
[0mGET / [36m304[0m 54.447 ms - -[0m
[0mGET / [36m304[0m 62.323 ms - -[0m
[0mGET / [36m304[0m 55.722 ms - -[0m
[0mGET / [36m304[0m 53.410 ms - -[0m
[0mGET / [36m304[0m 54.373 ms - -[0m
[0mGET / [36m304[0m 53.646 ms - -[0m
[0mGET / [36m304[0m 52.715 ms - -[0m
[0mGET / [36m304[0m 58.092 ms - -[0m
[0mGET / [36m304[0m 56.018 ms - -[0m
[0mGET / [36m304[0m 47.616 ms - -[0m
[0mGET / [32m200[0m 60.389 ms - 3210[0m
[0mGET / [32m200[0m 47.228 ms - 3442[0m
[0mGET /blogs [36m304[0m 3.947 ms - -[0m
[0mGET / [32m200[0m 46.444 ms - 3674[0m
[0mGET /tienda [31m500[0m 7.306 ms - 1485[0m
[0mGET / [36m304[0m 45.787 ms - -[0m
[0mGET / [36m304[0m 45.520 ms - -[0m
[0mGET / [36m304[0m 55.048 ms - -[0m
[0mGET / [36m304[0m 50.233 ms - -[0m
[0mGET / [36m304[0m 46.482 ms - -[0m
[0mGET / [32m200[0m 53.222 ms - 3683[0m
[0mGET / [36m304[0m 49.447 ms - -[0m
[0mGET / [36m304[0m 50.107 ms - -[0m
[0mGET / [36m304[0m 48.630 ms - -[0m
[0mGET / [36m304[0m 55.129 ms - -[0m
[0mGET / [32m200[0m 51.443 ms - 3674[0m
[0mGET / [36m304[0m 41.286 ms - -[0m
[0mGET / [36m304[0m 49.566 ms - -[0m
[0mGET / [32m200[0m 70.110 ms - 3672[0m
[0mGET /blogs [36m304[0m 6.762 ms - -[0m
[0mGET / [36m304[0m 63.392 ms - -[0m
[0mGET /blogs [31m500[0m 37.492 ms - 2309[0m
[0mGET /blogs [31m500[0m 4.126 ms - 2041[0m
[0mGET / [36m304[0m 60.099 ms - -[0m
[0mGET /blogs [31m500[0m 3.039 ms - 2041[0m
[0mGET /blogs [31m500[0m 7.919 ms - 2041[0m
[0mGET /blogs [31m500[0m 9.692 ms - 2041[0m
[0mGET /blogs [32m200[0m 124.062 ms - 2040[0m
[0mGET /blogs [36m304[0m 53.470 ms - -[0m
[0mGET /blogs/crear [33m404[0m 51.936 ms - 0[0m
[0mGET /blogs [36m304[0m 80.823 ms - -[0m
[0mGET /blogs [36m304[0m 54.819 ms - -[0m
[0mGET /blogs [36m304[0m 52.417 ms - -[0m
[0mGET /blogs/crear [31m500[0m 47.247 ms - 23[0m
[0mGET /blogs [36m304[0m 84.430 ms - -[0m
[0mGET /blogs [36m304[0m 42.272 ms - -[0m
[0mGET /blogs [36m304[0m 73.980 ms - -[0m
[0mGET /blogs [36m304[0m 103.036 ms - -[0m
[0mGET /blogs [32m200[0m 117.201 ms - 2040[0m
[0mGET /blogs [32m200[0m 55.319 ms - 2040[0m
[0mGET /blogs [36m304[0m 51.466 ms - -[0m
[0mGET /blogs [36m304[0m 52.810 ms - -[0m
[0mGET /blogs/crear [31m500[0m 56.375 ms - 23[0m
[0mGET /blogs [36m304[0m 61.302 ms - -[0m
[0mGET /blogs [36m304[0m 54.809 ms - -[0m
[0mGET /blogs [36m304[0m 62.792 ms - -[0m
[0mGET /blogs [36m304[0m 58.693 ms - -[0m
[0mGET /blogs [36m304[0m 58.551 ms - -[0m
[0mGET /blogs [36m304[0m 51.690 ms - -[0m
[0mGET /blogs [32m200[0m 47.991 ms - 2239[0m
[0mGET / [32m200[0m 69.048 ms - 3871[0m
[0mGET / [36m304[0m 53.366 ms - -[0m
[0mGET / [36m304[0m 46.734 ms - -[0m
[0mGET / [36m304[0m 64.168 ms - -[0m
[0mGET / [32m200[0m 48.701 ms - 3910[0m
[0mGET / [36m304[0m 46.283 ms - -[0m
[0mGET / [36m304[0m 45.302 ms - -[0m
[0mGET / [36m304[0m 48.627 ms - -[0m
[0mGET / [36m304[0m 112.357 ms - -[0m
[0mGET / [36m304[0m 45.848 ms - -[0m
[0mGET /blogs [32m200[0m 44.557 ms - 2278[0m
[0mGET / [36m304[0m 44.630 ms - -[0m
[0mGET /blogs [36m304[0m 46.541 ms - -[0m
[0mGET / [36m304[0m 71.721 ms - -[0m
[0mGET /blogs [36m304[0m 103.871 ms - -[0m
[0mGET /blogs [36m304[0m 60.207 ms - -[0m
[0mGET /blogs [36m304[0m 45.608 ms - -[0m
[0mGET /blogs [36m304[0m 45.853 ms - -[0m
[0mGET / [36m304[0m 45.628 ms - -[0m
[0mGET /blogs [36m304[0m 45.333 ms - -[0m
[0mGET /tienda [33m404[0m 1.236 ms - 145[0m
[0mGET /blogs [36m304[0m 63.215 ms - -[0m
[0mGET /blogs [36m304[0m 46.784 ms - -[0m
[0mGET / [36m304[0m 44.780 ms - -[0m
[0mGET /blogs [36m304[0m 46.492 ms - -[0m
[0mGET /blogs/crear [31m500[0m 9.746 ms - 23[0m
[0mGET /blogs/crear [31m500[0m 21.264 ms - 23[0m
[0mGET /blogs/crear [31m500[0m 6.329 ms - 23[0m
[0mGET /blogs/crear [31m500[0m 6.710 ms - 23[0m
[0mGET /blogs/crear [31m500[0m 8.198 ms - 23[0m
[0mGET /blogs [36m304[0m 55.418 ms - -[0m
[0mGET /blogs/crear [31m500[0m 7.324 ms - 23[0m
[0mGET /blogs/crear [31m500[0m 15.267 ms - 23[0m
[0mGET /blogs [36m304[0m 65.428 ms - -[0m
[0mGET /blogs/crear [32m200[0m 51.775 ms - 2601[0m
[0mGET /blogs [36m304[0m 47.486 ms - -[0m
[0mGET / [36m304[0m 48.981 ms - -[0m
[0mGET /blogs [36m304[0m 45.399 ms - -[0m
[0mGET / [36m304[0m 57.603 ms - -[0m
[0mGET /blogs [36m304[0m 44.628 ms - -[0m
[0mGET /logout [33m404[0m 3.756 ms - 145[0m
[0mGET /login [33m404[0m 0.982 ms - 144[0m
[0mGET /tienda [33m404[0m 0.497 ms - 145[0m
[0mGET /blogs [36m304[0m 43.973 ms - -[0m
[0mGET /blogs [36m304[0m 47.240 ms - -[0m
[0mGET /blogs [36m304[0m 44.066 ms - -[0m
[0mGET /blogs [36m304[0m 44.488 ms - -[0m
[0mGET / [36m304[0m 44.432 ms - -[0m
[0mGET /blogs [36m304[0m 48.261 ms - -[0m
[0mGET / [36m304[0m 43.959 ms - -[0m
[0mGET /tienda [33m404[0m 0.446 ms - 145[0m
[0mGET /blogs [36m304[0m 43.157 ms - -[0m
[0mGET /blogs/crear [36m304[0m 44.544 ms - -[0m
[0mGET /blogs/crear [36m304[0m 67.016 ms - -[0m
[0mGET /blogs/crear [36m304[0m 46.144 ms - -[0m
[0mGET / [32m200[0m 44.997 ms - 4927[0m
[0mGET / [36m304[0m 103.138 ms - -[0m
[0mGET / [32m200[0m 47.250 ms - 3869[0m
[0mGET /blogs [36m304[0m 43.812 ms - -[0m
[0mGET /blogs [0m-[0m - ms - -[0m
[0mGET / [0m-[0m - ms - -[0m
[0mGET / [32m200[0m 92.864 ms - 3869[0m
[0mGET /favicon.ico [33m404[0m 5.232 ms - 150[0m
[0mGET /tienda [31m500[0m 46.995 ms - 663[0m
[0mGET /blogs [31m500[0m 55.615 ms - 2345[0m
[0mGET /blogs [32m200[0m 57.777 ms - 2237[0m
[0mGET /blogs [36m304[0m 83.377 ms - -[0m
[0mGET / [36m304[0m 48.702 ms - -[0m
[0mGET / [36m304[0m 44.453 ms - -[0m
[0mGET / [36m304[0m 63.842 ms - -[0m
[0mGET / [32m200[0m 54.155 ms - 3846[0m
[0mGET /blogs [32m200[0m 42.515 ms - 2214[0m
[0mGET /blogs [36m304[0m 42.888 ms - -[0m
[0mGET /blogs [32m200[0m 57.699 ms - 2213[0m
[0mGET /tienda [31m500[0m 45.081 ms - 663[0m
[0mGET /blogs/crear [36m304[0m 44.750 ms - -[0m
[0mGET /iconos/faviconCatalogo.ico [33m404[0m 1.616 ms - 165[0m
[0mGET /blogs/crear [32m200[0m 47.821 ms - 3618[0m
[0mGET /blogs/crear [32m200[0m 366.830 ms - 2541[0m
[0mGET /blogs/crear [32m200[0m 63.383 ms - 2546[0m
[0mGET /estiloCrearBlogs.css [33m404[0m 1.994 ms - 159[0m
[0mGET /blogs/crear [36m304[0m 48.640 ms - -[0m
[0mGET /blogs/crear [36m304[0m 67.668 ms - -[0m
[0mGET /blogs/crear [36m304[0m 48.307 ms - -[0m
[0mGET /blogs/crear [32m200[0m 126.529 ms - 3661[0m
[0mGET /blogs/crear [36m304[0m 51.390 ms - -[0m
[0mGET /blogs [36m304[0m 46.619 ms - -[0m
[0mGET / [36m304[0m 49.987 ms - -[0m
[0mGET /blogs [36m304[0m 48.441 ms - -[0m
[0mGET /blogs/crear [36m304[0m 46.197 ms - -[0m
[0mGET /blogs [36m304[0m 44.652 ms - -[0m
[0mGET / [36m304[0m 47.675 ms - -[0m
[0mGET / [36m304[0m 53.191 ms - -[0m
[0mGET / [36m304[0m 44.753 ms - -[0m
[0mGET /blogs [36m304[0m 46.404 ms - -[0m
[0mGET / [36m304[0m 45.205 ms - -[0m
[0mGET /blogs [36m304[0m 45.683 ms - -[0m
[0mGET /blogs [36m304[0m 102.036 ms - -[0m
[0mGET /blogs/crear [36m304[0m 47.244 ms - -[0m
[0mGET /blogs/crear [36m304[0m 45.562 ms - -[0m
[0mGET /blogs/crear [36m304[0m 44.277 ms - -[0m
[0mGET /blogs/crear [36m304[0m 44.298 ms - -[0m
[0mGET /blogs/crear [32m200[0m 113.698 ms - 3777[0m
[0mGET /blogs/crear [36m304[0m 43.915 ms - -[0m
[0mGET /blogs/crear [36m304[0m 55.168 ms - -[0m
[0mGET /blogs/crear [31m500[0m 59.313 ms - 1996[0m
[0mGET /blogs/crear [31m500[0m 87.324 ms - 1996[0m
[0mGET /blogs/crear [32m200[0m 61.155 ms - 3775[0m
[0mPOST /blogs [36m302[0m 62.175 ms - 35[0m
[0mGET /blogs [32m200[0m 69.833 ms - 3168[0m
[0mGET /blogs/67c074ec751bfc4b39d08b86/editar [31m500[0m 43.790 ms - 659[0m
[0mGET /blogs/crear [36m304[0m 55.795 ms - -[0m
[0mPOST /blogs [36m302[0m 100.734 ms - 35[0m
[0mGET /blogs [32m200[0m 66.172 ms - 4132[0m
[0mGET /blogs [36m304[0m 46.363 ms - -[0m
[0mGET /blogs [36m304[0m 45.974 ms - -[0m
[0mGET /blogs [36m304[0m 46.938 ms - -[0m
[0mGET /blogs [36m304[0m 45.836 ms - -[0m
[0mGET /blogs [36m304[0m 43.668 ms - -[0m
[0mGET /blogs [36m304[0m 427.363 ms - -[0m
[0mGET /blogs/crear [36m304[0m 69.945 ms - -[0m
[0mPOST /blogs [36m302[0m 1189.332 ms - 35[0m
[0mGET /blogs [32m200[0m 46.736 ms - 5108[0m
[0mGET /blogs [36m304[0m 46.849 ms - -[0m
[0mGET /blogs [36m304[0m 43.797 ms - -[0m
[0mGET /blogs [36m304[0m 44.295 ms - -[0m
[0mGET /blogs/crear [36m304[0m 43.837 ms - -[0m
[0mGET / [36m304[0m 42.957 ms - -[0m
[0mGET /blogs [36m304[0m 45.034 ms - -[0m
[0mGET /blogs/crear [36m304[0m 47.915 ms - -[0m
[0mGET /blogs/crear [32m200[0m 44.197 ms - 3883[0m
[0mGET /blogs/67c074ec751bfc4b39d08b86/editar [31m500[0m 43.200 ms - 659[0m
[0mGET /blogs/67c07630751bfc4b39d08b95 [32m200[0m 42.962 ms - 4108[0m
[0mGET /blogs/1740666416618-243980829.jpg [31m500[0m 12.856 ms - 23[0m
[0mGET /blogs [36m304[0m 47.753 ms - -[0m
[0mGET /blogs/67c074ec751bfc4b39d08b86 [32m200[0m 43.861 ms - 3358[0m
[0mGET /blogs/1740666092178-1480000.jpg [31m500[0m 9.360 ms - 23[0m
[0mGET /blogs [36m304[0m 45.421 ms - -[0m
[0mGET /blogs [32m200[0m 55.582 ms - 5113[0m
[0mGET /blogs [36m304[0m 44.468 ms - -[0m
[0mGET /blogs [36m304[0m 41.931 ms - -[0m
[0mGET / [36m304[0m 41.674 ms - -[0m
[0mGET /blogs [36m304[0m 43.983 ms - -[0m
[0mGET /blogs [36m304[0m 43.201 ms - -[0m
[0mGET /blogs/67c07630751bfc4b39d08b95/editar [31m500[0m 40.846 ms - 659[0m
[0mGET /blogs/67c07630751bfc4b39d08b95 [36m304[0m 44.756 ms - -[0m
[0mGET /blogs/1740666416618-243980829.jpg [31m500[0m 8.878 ms - 23[0m
[0mGET /blogs [36m304[0m 43.415 ms - -[0m
[0mGET /blogs/67c07630751bfc4b39d08b95 [31m500[0m 42.382 ms - 2340[0m
[0mGET /blogs/67c07630751bfc4b39d08b95 [32m200[0m 86.896 ms - 4054[0m
[0mGET /blogs/1740666416618-243980829.jpg [31m500[0m 12.041 ms - 23[0m
[0mGET /blogs/67c07630751bfc4b39d08b95 [32m200[0m 119.188 ms - 4055[0m
[0mGET /blogs/1740666416618-243980829.jpg [31m500[0m 13.323 ms - 23[0m
[0mGET /blogs/67c07630751bfc4b39d08b95 [36m304[0m 48.779 ms - -[0m
[0mGET /blogs/1740666416618-243980829.jpg [31m500[0m 8.109 ms - 23[0m
[0mGET /blogs/67c07630751bfc4b39d08b95 [36m304[0m 285.547 ms - -[0m
[0mGET /blogs/1740666416618-243980829.jpg [31m500[0m 8.759 ms - 23[0m
[0mGET /blogs/67c07630751bfc4b39d08b95 [32m200[0m 50.925 ms - 4064[0m
[0mGET /uploads/1740666416618-243980829.jpg [33m404[0m 2.041 ms - 174[0m
[0mGET /blogs/67c07630751bfc4b39d08b95 [36m304[0m 46.027 ms - -[0m
[0mGET /uploads/1740666416618-243980829.jpg [33m404[0m 1.044 ms - 174[0m
[0mGET /blogs/67c07630751bfc4b39d08b95 [32m200[0m 45.385 ms - 4055[0m
[0mGET /blogs/1740666416618-243980829.jpg [31m500[0m 11.634 ms - 23[0m
[0mGET /blogs/67c07630751bfc4b39d08b95 [32m200[0m 52.529 ms - 4084[0m
[0mGET /blogs/1740666416618-243980829.jpg [31m500[0m 9.071 ms - 23[0m
[0mGET /blogs/67c07630751bfc4b39d08b95 [36m304[0m 60.080 ms - -[0m
[0mGET /blogs/1740666416618-243980829.jpg [31m500[0m 10.362 ms - 23[0m
[0mGET /blogs/67c07630751bfc4b39d08b95/editar [31m500[0m 44.144 ms - 659[0m
[0mGET /blogs/67c07630751bfc4b39d08b95 [36m304[0m 47.974 ms - -[0m
[0mGET /blogs/1740666416618-243980829.jpg [31m500[0m 10.402 ms - 23[0m
[0mGET /blogs/67c07630751bfc4b39d08b95/editar [32m200[0m 45.985 ms - 0[0m
[0mGET /blogs [36m304[0m 51.578 ms - -[0m
[0mGET /blogs/67c074ec751bfc4b39d08b86/editar [32m200[0m 44.264 ms - 0[0m
[0mGET / [36m304[0m 47.419 ms - -[0m
[0mGET /blogs [36m304[0m 135.581 ms - -[0m
[0mGET /tienda [31m500[0m 46.962 ms - 663[0m
[0mGET /blogs [36m304[0m 46.794 ms - -[0m
[0mGET /blogs/67c07553751bfc4b39d08b8b/editar [32m200[0m 43.339 ms - 0[0m
[0mGET /blogs/67c07553751bfc4b39d08b8b [32m200[0m 45.319 ms - 3326[0m
[0mGET /blogs/1740666195212-712742138.jpg [31m500[0m 8.538 ms - 23[0m
[0mGET / [36m304[0m 64.987 ms - -[0m
[0mGET /favicon.ico [33m404[0m 3.491 ms - 150[0m
[0mGET /blogs [36m304[0m 89.417 ms - -[0m
[0mGET / [36m304[0m 45.373 ms - -[0m
[0mGET /blogs [36m304[0m 48.565 ms - -[0m
[0mGET /blogs/67c07630751bfc4b39d08b95 [36m304[0m 85.556 ms - -[0m
[0mGET /blogs/1740666416618-243980829.jpg [31m500[0m 13.564 ms - 23[0m
[0mGET /blogs [36m304[0m 46.601 ms - -[0m
[0mGET /blogs/67c07630751bfc4b39d08b95 [36m304[0m 43.964 ms - -[0m
[0mGET /blogs/1740666416618-243980829.jpg [31m500[0m 12.189 ms - 23[0m
[0mGET /blogs [36m304[0m 142.371 ms - -[0m
[0mGET /blogs/67c07630751bfc4b39d08b95 [36m304[0m 45.376 ms - -[0m
[0mGET /blogs/1740666416618-243980829.jpg [31m500[0m 9.432 ms - 23[0m
[0mGET /blogs [36m304[0m 57.624 ms - -[0m
[0mGET /blogs/67c07630751bfc4b39d08b95 [36m304[0m 88.351 ms - -[0m
[0mGET /blogs/1740666416618-243980829.jpg [31m500[0m 9.830 ms - 23[0m
[0mGET /blogs/67c07630751bfc4b39d08b95 [32m200[0m 47.240 ms - 4094[0m
[0mGET /uplloads/1740666416618-243980829.jpg [33m404[0m 1.646 ms - 175[0m
[0mGET /blogs/67c07630751bfc4b39d08b95 [32m200[0m 43.992 ms - 4093[0m
[0mGET /uploads/1740666416618-243980829.jpg [33m404[0m 0.718 ms - 174[0m
[0mGET /blogs [36m304[0m 87.769 ms - -[0m
[0mGET /blogs/67c07630751bfc4b39d08b95 [36m304[0m 53.873 ms - -[0m
[0mGET /uploads/1740666416618-243980829.jpg [33m404[0m 1.767 ms - 174[0m
[0mGET /blogs [36m304[0m 47.944 ms - -[0m
[0mGET /blogs/67c07630751bfc4b39d08b95 [32m200[0m 49.202 ms - 4084[0m
[0mGET /blogs/1740666416618-243980829.jpg [31m500[0m 12.189 ms - 23[0m
[0mGET /blogs/1740666416618-243980829.jpg [31m500[0m 9.572 ms - 23[0m
[0mGET /blogs [36m304[0m 58.815 ms - -[0m
[0mGET /tienda [31m500[0m 45.355 ms - 663[0m
[0mGET /blogs/67c07630751bfc4b39d08b95 [36m304[0m 47.703 ms - -[0m
[0mGET /blogs/1740666416618-243980829.jpg [31m500[0m 12.519 ms - 23[0m
[0mGET /blogs/1740666416618-243980829.jpg [31m500[0m 7.820 ms - 23[0m
[0mGET /blogs [36m304[0m 49.323 ms - -[0m
[0mGET /blogs/67c07630751bfc4b39d08b95 [32m200[0m 48.043 ms - 4093[0m
[0mGET /uploads/1740666416618-243980829.jpg [33m404[0m 0.770 ms - 174[0m
[0mGET /blogs [36m304[0m 50.439 ms - -[0m
[0mGET /blogs/67c07630751bfc4b39d08b95 [36m304[0m 63.842 ms - -[0m
[0mGET /uploads/1740666416618-243980829.jpg [33m404[0m 1.075 ms - 174[0m
[0mGET /uploads/1740666416618-243980829.jpg [33m404[0m 0.424 ms - 174[0m
[0mGET /blogs/67c07630751bfc4b39d08b95 [36m304[0m 106.583 ms - -[0m
[0mGET /uploads/1740666416618-243980829.jpg [33m404[0m 2.198 ms - 174[0m
[0mGET /blogs/67c07630751bfc4b39d08b95 [36m304[0m 47.989 ms - -[0m
[0mGET /uploads/1740666416618-243980829.jpg [33m404[0m 1.249 ms - 174[0m
[0mGET /blogs [36m304[0m 49.363 ms - -[0m
[0mGET /blogs/67c07630751bfc4b39d08b95 [36m304[0m 50.468 ms - -[0m
[0mGET /uploads/1740666416618-243980829.jpg [33m404[0m 1.125 ms - 174[0m
[0mGET /blogs/67c07630751bfc4b39d08b95 [36m304[0m 51.170 ms - -[0m
[0mGET /uploads/1740666416618-243980829.jpg [33m404[0m 1.175 ms - 174[0m
[0mGET /blogs [36m304[0m 42.307 ms - -[0m
[0mGET /blogs/67c07630751bfc4b39d08b95 [36m304[0m 116.702 ms - -[0m
[0mGET /uploads/1740666416618-243980829.jpg [33m404[0m 0.577 ms - 174[0m
[0mGET /blogs [36m304[0m 44.265 ms - -[0m
[0mGET /blogs/67c07630751bfc4b39d08b95 [36m304[0m 47.654 ms - -[0m
[0mGET /uploads/1740666416618-243980829.jpg [33m404[0m 0.750 ms - 174[0m
[0mGET /blogs/67c07630751bfc4b39d08b95 [36m304[0m 72.044 ms - -[0m
[0mGET /uploads/1740666416618-243980829.jpg [33m404[0m 0.881 ms - 174[0m
[0mGET /blogs/67c07630751bfc4b39d08b95 [32m200[0m 44.413 ms - 4085[0m
[0mGET /blogs [36m304[0m 41.402 ms - -[0m
[0mGET /blogs/67c07630751bfc4b39d08b95 [32m200[0m 47.948 ms - 4084[0m
[0mGET /blogs/1740666416618-243980829.jpg [31m500[0m 11.043 ms - 23[0m
[0mGET /blogs/67c07630751bfc4b39d08b95 [32m200[0m 46.313 ms - 4085[0m
[0mGET /blogs [36m304[0m 44.111 ms - -[0m
[0mGET /blogs/67c07630751bfc4b39d08b95 [36m304[0m 46.528 ms - -[0m
[0mGET /blogs [36m304[0m 42.938 ms - -[0m
[0mGET /blogs/67c07553751bfc4b39d08b8b [32m200[0m 79.199 ms - 3327[0m
[0mGET /blogs [36m304[0m 49.323 ms - -[0m
[0mGET /blogs/67c07553751bfc4b39d08b8b [36m304[0m 43.088 ms - -[0m
[0mGET /blogs [36m304[0m 41.220 ms - -[0m
[0mGET /blogs/67c074ec751bfc4b39d08b86 [32m200[0m 53.079 ms - 3338[0m
[0mGET /blogs [36m304[0m 42.072 ms - -[0m
[0mGET /blogs/67c074ec751bfc4b39d08b86 [36m304[0m 43.383 ms - -[0m
[0mGET /blogs [36m304[0m 42.134 ms - -[0m
[0mGET /blogs/67c074ec751bfc4b39d08b86 [36m304[0m 51.557 ms - -[0m
[0mGET /blogs/67c074ec751bfc4b39d08b86/editar [36m304[0m 47.622 ms - -[0m
[0mGET /blogs [36m304[0m 43.214 ms - -[0m
[0mGET /tienda [31m500[0m 42.728 ms - 663[0m
[0mGET /blogs/67c07630751bfc4b39d08b95 [36m304[0m 99.657 ms - -[0m
[0mGET /blogs/67c07630751bfc4b39d08b95/editar [31m500[0m 45.744 ms - 1914[0m
[0mGET /blogs/67c07630751bfc4b39d08b95/editar [32m200[0m 46.250 ms - 3508[0m
[0mGET /estiloEditarBlog.css [33m404[0m 1.250 ms - 159[0m
[0mGET /uploads/1740666416618-243980829.jpg [33m404[0m 0.625 ms - 174[0m
[0mGET /blogs/67c07630751bfc4b39d08b95/editar [36m304[0m 47.001 ms - -[0m
[0mGET /uploads/1740666416618-243980829.jpg [33m404[0m 0.606 ms - 174[0m
[0mGET /blogs/67c07630751bfc4b39d08b95/editar [36m304[0m 47.014 ms - -[0m
[0mGET /uploads/1740666416618-243980829.jpg [33m404[0m 0.702 ms - 174[0m
[0mGET /blogs/67c07630751bfc4b39d08b95/editar [36m304[0m 46.979 ms - -[0m
[0mGET /uploads/1740666416618-243980829.jpg [33m404[0m 0.888 ms - 174[0m
[0mGET /blogs/67c07630751bfc4b39d08b95/editar [36m304[0m 50.681 ms - -[0m
[0mGET /uploads/1740666416618-243980829.jpg [33m404[0m 0.702 ms - 174[0m
[0mGET /blogs/67c07630751bfc4b39d08b95/editar [36m304[0m 44.803 ms - -[0m
[0mGET /uploads/1740666416618-243980829.jpg [33m404[0m 1.105 ms - 174[0m
[0mGET /blogs/67c07630751bfc4b39d08b95/editar [36m304[0m 44.021 ms - -[0m
[0mGET /uploads/1740666416618-243980829.jpg [33m404[0m 0.510 ms - 174[0m
[0mGET /blogs/67c07630751bfc4b39d08b95/editar [36m304[0m 46.279 ms - -[0m
[0mGET /uploads/1740666416618-243980829.jpg [33m404[0m 0.680 ms - 174[0m
[0mGET /blogs/67c07630751bfc4b39d08b95/editar [36m304[0m 43.636 ms - -[0m
[0mGET /uploads/1740666416618-243980829.jpg [33m404[0m 0.672 ms - 174[0m
[0mGET /blogs/67c07630751bfc4b39d08b95/editar [32m200[0m 48.079 ms - 3500[0m
[0mGET / [36m304[0m 45.583 ms - -[0m
[0mGET /blogs [36m304[0m 47.350 ms - -[0m
[0mGET /blogs/67c07630751bfc4b39d08b95 [36m304[0m 48.426 ms - -[0m
[0mGET /blogs/67c07630751bfc4b39d08b95/editar [36m304[0m 44.909 ms - -[0m
[0mGET /blogs [36m304[0m 66.678 ms - -[0m
[0mGET /blogs/67c07630751bfc4b39d08b95 [36m304[0m 47.603 ms - -[0m
[0mGET /blogs [36m304[0m 44.101 ms - -[0m
[0mGET /blogs/67c07630751bfc4b39d08b95/editar [36m304[0m 45.373 ms - -[0m
[0mGET /blogs/67c07630751bfc4b39d08b95/editar [32m200[0m 48.534 ms - 3279[0m
[0mGET / [36m304[0m 43.047 ms - -[0m
[0mGET /blogs [36m304[0m 46.719 ms - -[0m
[0mGET /blogs/67c07630751bfc4b39d08b95 [36m304[0m 49.680 ms - -[0m
[0mGET /blogs [36m304[0m 48.008 ms - -[0m
[0mGET /blogs/67c07553751bfc4b39d08b8b [36m304[0m 47.832 ms - -[0m
[0mGET /blogs/67c07553751bfc4b39d08b8b/editar [32m200[0m 43.144 ms - 3275[0m
[0mGET /blogs/67c07553751bfc4b39d08b8b [36m304[0m 46.321 ms - -[0m
[0mGET /blogs/67c07553751bfc4b39d08b8b/editar [32m200[0m 45.003 ms - 3291[0m
[0mGET /blogs/:id/editar [31m500[0m 10.131 ms - 35[0m
[0mGET /blogs/:id/editar [31m500[0m 7.272 ms - 35[0m
[0mGET /blogs/67c07553751bfc4b39d08b8b/editar [32m200[0m 47.398 ms - 3284[0m
[0mGET /blogs/:id [31m500[0m 7.103 ms - 23[0m
[0mGET /blogs/:id [31m500[0m 9.561 ms - 23[0m
[0mGET /blogs/67c07553751bfc4b39d08b8b/editar [32m200[0m 45.971 ms - 3219[0m
[0mGET /blogs/67c07553751bfc4b39d08b8b [36m304[0m 49.994 ms - -[0m
[0mGET /blogs/67c07553751bfc4b39d08b8b/editar [36m304[0m 44.337 ms - -[0m
[0mGET /blogs/67c07553751bfc4b39d08b8b [36m304[0m 45.930 ms - -[0m
[0mGET /blogs/67c07553751bfc4b39d08b8b/editar [36m304[0m 44.353 ms - -[0m
[0mGET / [36m304[0m 44.507 ms - -[0m
[0mGET /blogs [36m304[0m 45.198 ms - -[0m
[0mGET / [36m304[0m 46.082 ms - -[0m
[0mGET / [36m304[0m 47.404 ms - -[0m
[0mGET / [36m304[0m 44.991 ms - -[0m
[0mGET / [36m304[0m 43.944 ms - -[0m
[0mGET / [36m304[0m 45.303 ms - -[0m
[0mGET / [36m304[0m 80.739 ms - -[0m
[0mGET / [36m304[0m 44.130 ms - -[0m
[0mGET / [36m304[0m 44.918 ms - -[0m
[0mGET /blogs [36m304[0m 47.973 ms - -[0m
[0mGET /blogs/crear [36m304[0m 46.604 ms - -[0m
[0mGET /blogs/crear [36m304[0m 47.360 ms - -[0m
[0mGET /blogs/crear [36m304[0m 44.549 ms - -[0m
[0mGET /blogs/crear [36m304[0m 45.523 ms - -[0m
[0mGET /blogs [36m304[0m 167.937 ms - -[0m
[0mGET /blogs/crear [36m304[0m 99.390 ms - -[0m
[0mGET /blogs [36m304[0m 43.721 ms - -[0m
[0mGET /blogs/67c07630751bfc4b39d08b95/editar [32m200[0m 49.509 ms - 3223[0m
[0mGET /blogs/67c07630751bfc4b39d08b95/editar [36m304[0m 44.059 ms - -[0m
[0mGET /blogs [36m304[0m 45.485 ms - -[0m
[0mGET /blogs/crear [36m304[0m 42.738 ms - -[0m
[0mGET /blogs [36m304[0m 47.097 ms - -[0m
[0mGET /blogs/67c07553751bfc4b39d08b8b [36m304[0m 54.897 ms - -[0m
[0mGET /blogs/67c07553751bfc4b39d08b8b/editar [36m304[0m 72.673 ms - -[0m
[0mGET /blogs/67c07553751bfc4b39d08b8b [36m304[0m 47.118 ms - -[0m
[0mGET /blogs/67c07553751bfc4b39d08b8b/editar [36m304[0m 43.339 ms - -[0m
[0mGET /blogs/67c07553751bfc4b39d08b8b/editar [36m304[0m 72.745 ms - -[0m
[0mGET /blogs [36m304[0m 70.484 ms - -[0m
[0mGET /blogs/67c07630751bfc4b39d08b95/editar [36m304[0m 54.211 ms - -[0m
[0mGET /blogs [36m304[0m 121.514 ms - -[0m
[0mGET / [36m304[0m 87.495 ms - -[0m
[0mGET /blogs [36m304[0m 75.839 ms - -[0m
[0mGET /blogs/67c07630751bfc4b39d08b95/editar [36m304[0m 45.843 ms - -[0m
[0mGET / [36m304[0m 48.356 ms - -[0m
[0mGET /blogs [36m304[0m 48.678 ms - -[0m
[0mGET /blogs [36m304[0m 110.361 ms - -[0m
[0mGET / [36m304[0m 76.009 ms - -[0m
[0mGET /blogs [36m304[0m 46.359 ms - -[0m
[0mGET /blogs/crear [36m304[0m 42.962 ms - -[0m
[0mGET /blogs [36m304[0m 45.703 ms - -[0m
[0mGET /blogs/67c07630751bfc4b39d08b95/editar [36m304[0m 44.465 ms - -[0m
[0mGET /blogs [36m304[0m 49.258 ms - -[0m
[0mGET /blogs/crear [36m304[0m 45.211 ms - -[0m
[0mGET /blogs [36m304[0m 43.483 ms - -[0m
[0mGET /blogs [36m304[0m 88.488 ms - -[0m
[0mGET /blogs [36m304[0m 46.816 ms - -[0m
[0mGET / [36m304[0m 44.512 ms - -[0m
[0mGET /blogs [36m304[0m 70.538 ms - -[0m
[0mGET /blogs/67c07630751bfc4b39d08b95/editar [32m200[0m 46.511 ms - 4774[0m
[0mPUT /blogs/67c07630751bfc4b39d08b95?_method=PUT [31m500[0m 6.114 ms - 1343[0m
[0mPUT /blogs/67c07630751bfc4b39d08b95?_method=PUT [31m500[0m 105.656 ms - 27[0m
[0mPUT /blogs/67c07630751bfc4b39d08b95?_method=PUT [31m500[0m 52.363 ms - 27[0m
[0mGET /blogs/67c07630751bfc4b39d08b95/editar [32m200[0m 71.023 ms - 4771[0m
[0mPUT /blogs/67c07630751bfc4b39d08b95?_method=PUT [36m302[0m 110.054 ms - 60[0m
[0mGET /blogs/67c07630751bfc4b39d08b95 [32m200[0m 92.507 ms - 4085[0m
[0mGET /blogs [32m200[0m 46.826 ms - 5113[0m
[0mGET /blogs/67c07630751bfc4b39d08b95/editar [32m200[0m 45.687 ms - 4771[0m
[0mPUT /blogs/67c07630751bfc4b39d08b95?_method=PUT [36m302[0m 91.145 ms - 60[0m
[0mGET /blogs/67c07630751bfc4b39d08b95 [32m200[0m 51.901 ms - 4107[0m
[0mGET /blogs/67c07630751bfc4b39d08b95/editar [32m200[0m 45.580 ms - 4782[0m
[0mPUT /blogs/67c07630751bfc4b39d08b95?_method=PUT [36m302[0m 99.385 ms - 60[0m
[0mGET /blogs/67c07630751bfc4b39d08b95 [32m200[0m 48.054 ms - 4135[0m
[0mGET /blogs [32m200[0m 91.798 ms - 5146[0m
[0mGET /blogs/67c07630751bfc4b39d08b95/editar [32m200[0m 45.424 ms - 4832[0m
[0mGET /blogs/67c07630751bfc4b39d08b95 [36m304[0m 51.040 ms - -[0m
[0mGET /blogs [36m304[0m 47.571 ms - -[0m
[0mGET / [36m304[0m 45.910 ms - -[0m
[0mGET /blogs [36m304[0m 45.703 ms - -[0m
[0mGET /blogs [36m304[0m 90.616 ms - -[0m
[0mGET /blogs/67c07630751bfc4b39d08b95/editar [32m200[0m 43.426 ms - 4662[0m
[0mGET /blogs [36m304[0m 42.150 ms - -[0m
[0mGET /blogs/67c074ec751bfc4b39d08b86/editar [32m200[0m 47.152 ms - 3850[0m
[0mPUT /blogs/67c074ec751bfc4b39d08b86?_method=PUT [36m302[0m 99.016 ms - 60[0m
[0mGET /blogs/67c074ec751bfc4b39d08b86 [32m200[0m 48.464 ms - 3340[0m
[0mGET /blogs/67c074ec751bfc4b39d08b86 [36m304[0m 44.586 ms - -[0m
[0mGET /blogs [32m200[0m 41.688 ms - 5147[0m
[0mGET /blogs/67c074ec751bfc4b39d08b86/editar [32m200[0m 40.644 ms - 3851[0m
[0mPUT /blogs/67c074ec751bfc4b39d08b86?_method=PUT [36m302[0m 90.536 ms - 60[0m
[0mGET /blogs/67c074ec751bfc4b39d08b86 [32m200[0m 42.827 ms - 3406[0m
[0mGET /blogs [32m200[0m 40.607 ms - 5148[0m
[0mGET /blogs/67c074ec751bfc4b39d08b86/eliminar [36m302[0m 41.565 ms - 35[0m
[0mGET /blogs [32m200[0m 42.611 ms - 4160[0m
[0mGET /blogs/67c07553751bfc4b39d08b8b [36m304[0m 45.615 ms - -[0m
[0mGET /blogs/67c07553751bfc4b39d08b8b/editar [32m200[0m 41.117 ms - 3837[0m
[0mGET /blogs [36m304[0m 39.795 ms - -[0m
[0mGET /blogs/67c07553751bfc4b39d08b8b/editar [36m304[0m 39.136 ms - -[0m
[0mGET /blogs/67c07553751bfc4b39d08b8b [36m304[0m 48.694 ms - -[0m
[0mGET /blogs [36m304[0m 39.410 ms - -[0m
[0mGET /blogs/67c07553751bfc4b39d08b8b [36m304[0m 42.868 ms - -[0m
[0mGET /blogs/67c07553751bfc4b39d08b8b/eliminar [36m302[0m 40.953 ms - 35[0m
[0mGET /blogs [32m200[0m 58.486 ms - 3196[0m
[0mGET /blogs [36m304[0m 40.340 ms - -[0m
[0mGET /blogs [36m304[0m 41.629 ms - -[0m
[0mGET /blogs [36m304[0m 41.539 ms - -[0m
[0mGET /blogs [36m304[0m 41.886 ms - -[0m
[0mGET /blogs [36m304[0m 59.573 ms - -[0m
[0mGET /blogs [36m304[0m 38.959 ms - -[0m
[0mGET /blogs [36m304[0m 44.014 ms - -[0m
[0mGET /blogs [36m304[0m 43.522 ms - -[0m
[0mGET /blogs [36m304[0m 43.432 ms - -[0m
[0mGET / [36m304[0m 41.892 ms - -[0m
[0mGET /blogs [36m304[0m 39.521 ms - -[0m
[0mGET /blogs/67c07630751bfc4b39d08b95 [36m304[0m 42.610 ms - -[0m
[0mGET /blogs/67c07630751bfc4b39d08b95/editar [36m304[0m 42.245 ms - -[0m
[0mGET /blogs/67c07630751bfc4b39d08b95 [36m304[0m 43.938 ms - -[0m
[0mGET /blogs/67c07630751bfc4b39d08b95/eliminar [36m302[0m 43.490 ms - 35[0m
[0mGET /blogs [32m200[0m 44.198 ms - 2218[0m
[0mGET /blogs [36m304[0m 41.266 ms - -[0m
[0mGET /blogs [36m304[0m 40.004 ms - -[0m
[0mGET /blogs [36m304[0m 38.773 ms - -[0m
[0mGET /blogs [36m304[0m 58.566 ms - -[0m
[0mGET /blogs [36m304[0m 46.439 ms - -[0m
[0mGET /blogs [36m304[0m 46.938 ms - -[0m
[0mGET /blogs [36m304[0m 42.734 ms - -[0m
[0mGET /blogs [36m304[0m 43.566 ms - -[0m
[0mGET /blogs/crear [36m304[0m 43.555 ms - -[0m
[0mGET /blogs [36m304[0m 45.767 ms - -[0m
[0mGET / [36m304[0m 45.470 ms - -[0m
[0mGET /tienda [31m500[0m 47.011 ms - 663[0m
[0mGET /tienda [31m500[0m 57.035 ms - 663[0m
[0mGET /tienda [33m404[0m 4.590 ms - 145[0m
[0mGET /tienda [33m404[0m 1.673 ms - 145[0m
[0mGET /tienda [33m404[0m 1.469 ms - 145[0m
[0mGET / [32m200[0m 62.649 ms - 3850[0m
[0mGET /blogs [32m200[0m 49.084 ms - 2220[0m
[0mGET /catalogo [31m500[0m 80.648 ms - 1851[0m
[0mGET /catalogo [32m200[0m 57.638 ms - 31926[0m
[0mGET /imgCesta.png [33m404[0m 0.399 ms - 151[0m
[0mGET /catalogo [36m304[0m 57.938 ms - -[0m
[0mGET /imgCesta.png [33m404[0m 0.983 ms - 151[0m
[0mGET /catalogo [36m304[0m 46.912 ms - -[0m
[0mGET /imgCesta.png [33m404[0m 1.085 ms - 151[0m
[0mGET /catalogo [36m304[0m 49.228 ms - -[0m
[0mGET /imgCesta.png [33m404[0m 0.672 ms - 151[0m
[0mGET /catalogo [36m304[0m 49.164 ms - -[0m
[0mGET /imgCesta.png [33m404[0m 0.859 ms - 151[0m
[0mGET /blogs [36m304[0m 47.578 ms - -[0m
[0mGET /catalogo [36m304[0m 47.244 ms - -[0m
[0mGET /imgCesta.png [33m404[0m 0.624 ms - 151[0m
[0mGET / [36m304[0m 45.990 ms - -[0m
[0mGET /catalogo [36m304[0m 48.816 ms - -[0m
[0mGET /imgCesta.png [33m404[0m 0.586 ms - 151[0m
[0mGET /cesta [31m500[0m 18.835 ms - 1748[0m
[0mGET /cesta [32m200[0m 2.973 ms - 2268[0m
[0mGET /estiloMain.css [33m404[0m 0.842 ms - 153[0m
[0mGET /catalogo [36m304[0m 48.482 ms - -[0m
[0mGET /imgCesta.png [33m404[0m 1.004 ms - 151[0m
[0mGET /catalogo [32m200[0m 48.205 ms - 22624[0m
[0mGET /imgCesta.png [33m404[0m 0.376 ms - 151[0m
[0mGET /cesta [36m304[0m 2.597 ms - -[0m
[0mGET /estiloMain.css [33m404[0m 0.888 ms - 153[0m
[0mGET /blogs [31m500[0m 3.381 ms - 1464[0m
[0mGET /blogs [32m200[0m 54.718 ms - 2220[0m
[0mGET / [36m304[0m 42.522 ms - -[0m
[0mGET /catalogo [36m304[0m 76.170 ms - -[0m
[0mGET /imgCesta.png [33m404[0m 1.739 ms - 151[0m
[0mGET /catalogo [32m200[0m 45.978 ms - 22790[0m
[0mGET /imgCesta.png [33m404[0m 1.223 ms - 151[0m
[0mGET /catalogo [32m200[0m 46.071 ms - 22793[0m
[0mGET /imagenCesta.png [33m404[0m 1.004 ms - 154[0m
[0mGET /catalogo [36m304[0m 42.482 ms - -[0m
[0mGET /imagenCesta.png [33m404[0m 0.553 ms - 154[0m
[0mGET /catalogo [36m304[0m 42.562 ms - -[0m
[0mGET /imagenCesta.png [33m404[0m 0.885 ms - 154[0m
[0mGET /catalogo [32m200[0m 44.490 ms - 22800[0m
[0mGET /catalogo [32m200[0m 44.601 ms - 22814[0m
[0mGET /catalogo [32m200[0m 45.449 ms - 22827[0m
[0mGET /catalogo [32m200[0m 61.597 ms - 23047[0m
[0mGET /catalogo [32m200[0m 44.998 ms - 23217[0m
[0mGET /catalogo [32m200[0m 52.077 ms - 23388[0m
[0mGET /catalogo [32m200[0m 46.461 ms - 23570[0m
[0mGET /catalogo [32m200[0m 88.131 ms - 23780[0m
[0mGET /catalogo [32m200[0m 45.674 ms - 23935[0m
[0mGET /catalogo [32m200[0m 45.757 ms - 24110[0m
[0mGET /catalogo [32m200[0m 44.182 ms - 24315[0m
[0mGET /catalogo [32m200[0m 44.840 ms - 24535[0m
[0mGET /catalogo [32m200[0m 43.980 ms - 24709[0m
[0mGET /catalogo [32m200[0m 46.399 ms - 24712[0m
[0mGET /catalogo [32m200[0m 45.624 ms - 24884[0m
[0mGET /catalogo [32m200[0m 45.176 ms - 24903[0m
[0mGET /catalogo [32m200[0m 43.129 ms - 24884[0m
[0mGET /catalogo [32m200[0m 42.708 ms - 25079[0m
[0mGET /catalogo [32m200[0m 44.620 ms - 25252[0m
[0mGET /catalogo [36m304[0m 45.179 ms - -[0m
[0mGET /catalogo [36m304[0m 45.147 ms - -[0m
[0mGET /catalogo [36m304[0m 65.561 ms - -[0m
[0mGET /catalogo [36m304[0m 66.289 ms - -[0m
[0mGET /catalogo [36m304[0m 47.215 ms - -[0m
[0mGET /catalogo [36m304[0m 45.103 ms - -[0m
[0mGET /catalogo [36m304[0m 41.775 ms - -[0m
[0mGET /catalogo [36m304[0m 43.539 ms - -[0m
[0mGET /catalogo [36m304[0m 43.425 ms - -[0m
[0mGET /catalogo [32m200[0m 47.105 ms - 25252[0m
[0mGET /catalogo [36m304[0m 45.891 ms - -[0m
[0mGET /catalogo [36m304[0m 43.385 ms - -[0m
[0mGET /catalogo [36m304[0m 42.582 ms - -[0m
[0mGET /catalogo [36m304[0m 42.551 ms - -[0m
[0mGET /catalogo [36m304[0m 43.085 ms - -[0m
[0mGET /catalogo [36m304[0m 45.135 ms - -[0m
[0mGET /catalogo [36m304[0m 43.632 ms - -[0m
[0mGET /catalogo [36m304[0m 44.034 ms - -[0m
[0mGET /catalogo [36m304[0m 49.575 ms - -[0m
[0mGET /catalogo [36m304[0m 45.033 ms - -[0m
[0mGET /catalogo [36m304[0m 44.610 ms - -[0m
[0mGET /catalogo [36m304[0m 44.105 ms - -[0m
[0mGET /catalogo [36m304[0m 43.929 ms - -[0m
[0mGET /catalogo [36m304[0m 45.080 ms - -[0m
[0mGET /catalogo [36m304[0m 45.077 ms - -[0m
[0mGET /catalogo [36m304[0m 44.051 ms - -[0m
[0mGET /catalogo [36m304[0m 45.979 ms - -[0m
[0mGET /catalogo [36m304[0m 44.248 ms - -[0m
[0mGET /catalogo [36m304[0m 42.337 ms - -[0m
[0mGET /catalogo [36m304[0m 48.091 ms - -[0m
[0mGET /catalogo [36m304[0m 45.049 ms - -[0m
[0mGET /cesta [36m304[0m 2.389 ms - -[0m
[0mGET /estiloMain.css [33m404[0m 0.649 ms - 153[0m
[0mGET /cesta [36m304[0m 2.067 ms - -[0m
[0mGET /estiloMain.css [33m404[0m 0.690 ms - 153[0m
[0mGET /cesta [36m304[0m 1.648 ms - -[0m
[0mGET /estiloMain.css [33m404[0m 0.788 ms - 153[0m
[0mGET /cesta [32m200[0m 12.939 ms - 2243[0m
[0mGET /cesta [36m304[0m 9.445 ms - -[0m
[0mGET /cesta [36m304[0m 2.972 ms - -[0m
[0mGET /cesta [36m304[0m 1.996 ms - -[0m
[0mGET /cesta [36m304[0m 2.471 ms - -[0m
[0mGET /cesta [32m200[0m 2.792 ms - 2344[0m
[0mGET /productos [33m404[0m 1.119 ms - 148[0m
[0mGET /cesta [32m200[0m 2.617 ms - 2343[0m
[0mGET /catalogo [36m304[0m 54.737 ms - -[0m
[0mGET /cesta [36m304[0m 2.686 ms - -[0m
[0mGET /blogs [36m304[0m 45.483 ms - -[0m
[0mGET /catalogo [36m304[0m 45.385 ms - -[0m
[0mGET / [36m304[0m 44.145 ms - -[0m
[0mGET /blogs [36m304[0m 42.676 ms - -[0m
[0mGET /blogs [36m304[0m 43.555 ms - -[0m
[0mGET /catalogo [36m304[0m 43.614 ms - -[0m
[0mGET /cesta [36m304[0m 3.191 ms - -[0m
[0mGET /catalogo [36m304[0m 67.141 ms - -[0m
[0mPOST /add-to-cart [36m302[0m 46.910 ms - 44[0m
[0mGET /productosCesta [33m404[0m 1.228 ms - 153[0m
[0mPOST /add-to-cart [36m302[0m 115.676 ms - 30[0m
[0mGET / [36m304[0m 62.276 ms - -[0m
[0mGET /catalogo [32m200[0m 50.619 ms - 25311[0m
[0mGET /catalogo [36m304[0m 47.644 ms - -[0m
[0mGET /catalogo [36m304[0m 48.051 ms - -[0m
[0mGET /catalogo [36m304[0m 44.179 ms - -[0m
[0mGET /blogs [36m304[0m 44.157 ms - -[0m
[0mGET / [36m304[0m 43.169 ms - -[0m
[0mGET /catalogo [36m304[0m 44.040 ms - -[0m
[0mGET /cesta [32m200[0m 6.418 ms - 5414[0m
[0mGET /catalogo [36m304[0m 45.016 ms - -[0m
[0mPOST /add-to-cart [36m302[0m 41.575 ms - 30[0m
[0mGET / [36m304[0m 44.888 ms - -[0m
[0mGET /catalogo [32m200[0m 67.159 ms - 25311[0m
[0mGET /cesta [32m200[0m 2.786 ms - 6563[0m
[0mPOST /add-to-cart [36m302[0m 52.081 ms - 38[0m
[0mGET /catalogo [32m200[0m 54.404 ms - 25311[0m
[0mGET /cesta [32m200[0m 3.584 ms - 5409[0m
[0mGET /catalogo [36m304[0m 45.282 ms - -[0m
[0mPOST /add-to-cart [36m302[0m 40.404 ms - 38[0m
[0mGET /catalogo [32m200[0m 43.114 ms - 25311[0m
[0mGET /cesta [32m200[0m 3.653 ms - 6520[0m
[0mGET /catalogo [36m304[0m 43.149 ms - -[0m
[0mPOST /add-to-cart [36m302[0m 40.675 ms - 38[0m
[0mGET /catalogo [32m200[0m 42.381 ms - 25311[0m
[0mGET /cesta [32m200[0m 3.580 ms - 7680[0m
[0mGET / [36m304[0m 117.915 ms - -[0m
[0mGET /catalogo [32m200[0m 52.290 ms - 25252[0m
[0mPOST /add-to-cart [36m302[0m 43.364 ms - 30[0m
[0mGET / [36m304[0m 40.004 ms - -[0m
[0mGET /catalogo [36m304[0m 117.335 ms - -[0m
[0mGET / [36m304[0m 47.232 ms - -[0m
[0mGET /catalogo [36m304[0m 54.361 ms - -[0m
[0mGET /cesta [32m200[0m 4.275 ms - 2343[0m
[0mGET /catalogo [36m304[0m 53.121 ms - -[0m
[0mPOST /add-to-cart [36m302[0m 56.101 ms - 30[0m
[0mGET / [36m304[0m 43.950 ms - -[0m
[0mGET /catalogo [32m200[0m 47.929 ms - 25311[0m
[0mGET /cesta [32m200[0m 3.783 ms - 5413[0m
[0mGET / [36m304[0m 46.991 ms - -[0m
[0mGET /catalogo [36m304[0m 47.366 ms - -[0m
[0mGET /catalogo [36m304[0m 44.862 ms - -[0m
[0mGET / [36m304[0m 43.966 ms - -[0m
[0mGET / [36m304[0m 43.571 ms - -[0m
[0mGET /catalogo [36m304[0m 45.681 ms - -[0m
[0mGET /catalogo [32m200[0m 65.307 ms - 25252[0m
[0mPOST /add-to-cart [31m500[0m 56.514 ms - 2284[0m
[0mGET /catalogo [36m304[0m 67.042 ms - -[0m
[0mPOST /add-to-cart [36m302[0m 55.823 ms - 38[0m
[0mGET /catalogo [32m200[0m 46.722 ms - 25311[0m
[0mGET /cesta [32m200[0m 4.986 ms - 5409[0m
[0mGET /cesta [32m200[0m 3.954 ms - 5418[0m
[0mGET /catalogo [36m304[0m 48.537 ms - -[0m
[0mGET /cesta [36m304[0m 4.397 ms - -[0m
[0mGET /cesta [32m200[0m 14.390 ms - 2314[0m
[0mGET /catalogo [32m200[0m 56.735 ms - 25252[0m
[0mPOST /add-to-cart [36m302[0m 58.398 ms - 38[0m
[0mGET /catalogo [32m200[0m 48.765 ms - 25311[0m
[0mPOST /add-to-cart [36m302[0m 56.501 ms - 38[0m
[0mGET /catalogo [32m200[0m 48.221 ms - 25311[0m
[0mPOST /add-to-cart [36m302[0m 57.145 ms - 38[0m
[0mGET /catalogo [32m200[0m 46.668 ms - 25311[0m
[0mPOST /add-to-cart [36m302[0m 59.757 ms - 38[0m
[0mGET /catalogo [32m200[0m 46.744 ms - 25311[0m
[0mPOST /add-to-cart [36m302[0m 60.889 ms - 38[0m
[0mGET /catalogo [32m200[0m 46.366 ms - 25311[0m
[0mGET /cesta [32m200[0m 5.139 ms - 9874[0m
[0mPOST /cesta/eliminar [36m302[0m 1.158 ms - 44[0m
[0mGET /productosCesta [33m404[0m 1.119 ms - 153[0m
[0mPOST /cesta/eliminar [36m302[0m 0.686 ms - 44[0m
[0mGET /productosCesta [33m404[0m 0.575 ms - 153[0m
[0mGET / [36m304[0m 57.078 ms - -[0m
[0mGET /catalogo [32m200[0m 79.441 ms - 25252[0m
[0mGET /cesta [32m200[0m 5.869 ms - 2314[0m
[0mGET /cesta [36m304[0m 5.073 ms - -[0m
[0mGET /cesta [36m304[0m 3.942 ms - -[0m
[0mGET /cesta [36m304[0m 2.916 ms - -[0m
[0mGET /catalogo [36m304[0m 48.252 ms - -[0m
[0mPOST /add-to-cart [36m302[0m 56.849 ms - 38[0m
[0mGET /catalogo [32m200[0m 46.909 ms - 25311[0m
[0mGET /cesta [32m200[0m 2.979 ms - 5384[0m
[0mGET /cesta [36m304[0m 2.937 ms - -[0m
[0mPOST /cesta/vaciar [36m302[0m 2.368 ms - 44[0m
[0mGET /productosCesta [33m404[0m 0.931 ms - 153[0m
[0mPOST /cesta/eliminar [36m302[0m 1.078 ms - 35[0m
[0mGET /cesta [32m200[0m 2.518 ms - 2314[0m
[0mGET /catalogo [32m200[0m 57.925 ms - 25252[0m
[0mPOST /add-to-cart [36m302[0m 49.300 ms - 38[0m
[0mGET /catalogo [32m200[0m 47.223 ms - 25311[0m
[0mPOST /add-to-cart [36m302[0m 52.434 ms - 38[0m
[0mGET /catalogo [32m200[0m 47.543 ms - 25311[0m
[0mGET /cesta [32m200[0m 2.604 ms - 6478[0m
[0mPOST /cesta/eliminar [36m302[0m 1.742 ms - 35[0m
[0mGET /cesta [32m200[0m 2.615 ms - 5380[0m
[0mPOST /cesta/eliminar [36m302[0m 1.029 ms - 35[0m
[0mGET /cesta [32m200[0m 2.457 ms - 2314[0m
[0mGET /catalogo [32m200[0m 55.125 ms - 25252[0m
[0mPOST /add-to-cart [36m302[0m 78.425 ms - 38[0m
[0mGET /catalogo [32m200[0m 43.331 ms - 25311[0m
[0mPOST /add-to-cart [36m302[0m 52.791 ms - 38[0m
[0mGET /catalogo [32m200[0m 45.352 ms - 25311[0m
[0mPOST /add-to-cart [36m302[0m 52.497 ms - 38[0m
[0mGET /catalogo [32m200[0m 45.490 ms - 25311[0m
[0mPOST /add-to-cart [36m302[0m 56.311 ms - 38[0m
[0mGET /catalogo [32m200[0m 43.152 ms - 25311[0m
[0mGET /cesta [32m200[0m 6.597 ms - 8740[0m
[0mPOST /cesta/vaciar [36m302[0m 0.891 ms - 44[0m
[0mGET /productosCesta [33m404[0m 0.491 ms - 153[0m
[0mGET / [36m304[0m 75.496 ms - -[0m
[0mGET /catalogo [32m200[0m 94.452 ms - 25252[0m
[0mPOST /add-to-cart [36m302[0m 70.704 ms - 38[0m
[0mGET /catalogo [32m200[0m 52.132 ms - 25311[0m
[0mPOST /add-to-cart [36m302[0m 60.523 ms - 38[0m
[0mGET /catalogo [32m200[0m 48.953 ms - 25311[0m
[0mPOST /add-to-cart [36m302[0m 64.197 ms - 38[0m
[0mGET /catalogo [32m200[0m 47.729 ms - 25311[0m
[0mPOST /add-to-cart [36m302[0m 125.245 ms - 38[0m
[0mGET /catalogo [32m200[0m 54.223 ms - 25311[0m
[0mGET /cesta [32m200[0m 14.676 ms - 8733[0m
[0mPOST /cesta/eliminar [36m302[0m 4.064 ms - 35[0m
[0mGET /cesta [32m200[0m 18.121 ms - 7601[0m
[0mPOST /cesta/eliminar [36m302[0m 0.871 ms - 35[0m
[0mGET /cesta [32m200[0m 4.723 ms - 6491[0m
[0mPOST /cesta/vaciar [36m302[0m 2.775 ms - 35[0m
[0mGET /cesta [32m200[0m 11.911 ms - 2314[0m
[0mGET /catalogo [32m200[0m 77.617 ms - 25252[0m
[0mPOST /add-to-cart [36m302[0m 97.887 ms - 38[0m
[0mGET /catalogo [32m200[0m 116.627 ms - 25311[0m
[0mGET /cesta [32m200[0m 11.792 ms - 5422[0m
[0mGET /cesta [36m304[0m 4.253 ms - -[0m
[0mGET /blogs [36m304[0m 65.213 ms - -[0m
[0mGET /catalogo [36m304[0m 60.640 ms - -[0m
[0mPOST /add-to-cart [36m302[0m 63.344 ms - 38[0m
[0mGET /catalogo [32m200[0m 61.571 ms - 25311[0m
[0mGET /catalogo [36m304[0m 60.984 ms - -[0m
[0mPOST /add-to-cart [36m302[0m 79.672 ms - 38[0m
[0mGET /catalogo [32m200[0m 81.583 ms - 25311[0m
[0mPOST /add-to-cart [36m302[0m 93.694 ms - 38[0m
[0mGET /catalogo [32m200[0m 46.044 ms - 25312[0m
[0mGET /cesta [32m200[0m 4.096 ms - 7681[0m
[0mGET /cesta [36m304[0m 15.038 ms - -[0m
[0mGET /cesta [36m304[0m 11.670 ms - -[0m
[0mGET /cesta [36m304[0m 14.519 ms - -[0m
[0mGET /cesta [36m304[0m 15.449 ms - -[0m
[0mGET /success?token=7CK71080HK788942J [33m404[0m 4.010 ms - 146[0m
[0mGET /success?token=00G14444U2139442V [33m404[0m 2.883 ms - 146[0m
[0mGET /success?token=3KE40107XT345605B [31m500[0m 1214.145 ms - 2454[0m
[0mGET /success?token=2EP872498H431462L [32m200[0m 1118.907 ms - 1320[0m
[0mGET /catalogo [32m200[0m 118.299 ms - 25252[0m
[0mGET /cesta [32m200[0m 10.870 ms - 2314[0m
[0mGET /catalogo [36m304[0m 81.618 ms - -[0m
[0mPOST /add-to-cart [36m302[0m 67.323 ms - 38[0m
[0mGET /catalogo [32m200[0m 51.617 ms - 25311[0m
[0mPOST /add-to-cart [36m302[0m 64.305 ms - 38[0m
[0mGET /catalogo [32m200[0m 48.514 ms - 25311[0m
[0mPOST /add-to-cart [36m302[0m 77.334 ms - 38[0m
[0mGET /catalogo [32m200[0m 55.219 ms - 25311[0m
[0mPOST /add-to-cart [36m302[0m 122.730 ms - 38[0m
[0mGET /catalogo [32m200[0m 83.715 ms - 25311[0m
[0mPOST /add-to-cart [36m302[0m 130.198 ms - 38[0m
[0mGET /catalogo [32m200[0m 71.854 ms - 25311[0m
[0mGET /cesta [32m200[0m 20.155 ms - 9870[0m
[0mGET /success?token=1SD199574X4769544 [32m200[0m 760.807 ms - 3495[0m
[0mGET /catalogo [32m200[0m 123.826 ms - 25252[0m
[0mPOST /add-to-cart [36m302[0m 58.893 ms - 38[0m
[0mGET /catalogo [32m200[0m 56.814 ms - 25311[0m
[0mPOST /add-to-cart [36m302[0m 61.502 ms - 38[0m
[0mGET /catalogo [32m200[0m 49.352 ms - 25311[0m
[0mPOST /add-to-cart [36m302[0m 63.216 ms - 38[0m
[0mGET /catalogo [32m200[0m 47.910 ms - 25311[0m
[0mPOST /add-to-cart [36m302[0m 119.246 ms - 38[0m
[0mGET /catalogo [32m200[0m 62.096 ms - 25312[0m
[0mGET /cesta [32m200[0m 12.297 ms - 8716[0m
[0mGET /success?token=24K038452F713760Y [32m200[0m 810.766 ms - 3496[0m
[0mGET /catalogo [32m200[0m 66.201 ms - 25252[0m
[0mGET /catalogo [36m304[0m 380.459 ms - -[0m
[0mGET /catalogo [36m304[0m 51.871 ms - -[0m
[0mPOST /add-to-cart [36m302[0m 56.868 ms - 38[0m
[0mGET /catalogo [32m200[0m 46.693 ms - 25311[0m
[0mPOST /add-to-cart [36m302[0m 57.149 ms - 38[0m
[0mGET /catalogo [32m200[0m 46.298 ms - 25311[0m
[0mPOST /add-to-cart [36m302[0m 58.886 ms - 38[0m
[0mGET /catalogo [32m200[0m 46.124 ms - 25311[0m
[0mPOST /add-to-cart [36m302[0m 63.341 ms - 38[0m
[0mGET /catalogo [32m200[0m 45.626 ms - 25311[0m
[0mPOST /add-to-cart [36m302[0m 63.506 ms - 38[0m
[0mGET /catalogo [32m200[0m 47.475 ms - 25312[0m
[0mGET /cesta [32m200[0m 4.086 ms - 9871[0m
[0mGET /success?token=40401112H4414421V [32m200[0m 988.481 ms - 3494[0m
[0mGET /catalogo [32m200[0m 46.753 ms - 25252[0m
[0mGET /blogs [36m304[0m 46.440 ms - -[0m
[0mGET /catalogo [36m304[0m 49.243 ms - -[0m
[0mGET /cesta [32m200[0m 3.103 ms - 2314[0m
[0mGET /catalogo [36m304[0m 45.984 ms - -[0m
[0mPOST /add-to-cart [36m302[0m 51.342 ms - 38[0m
[0mGET /catalogo [32m200[0m 71.502 ms - 25311[0m
[0mPOST /add-to-cart [36m302[0m 54.628 ms - 38[0m
[0mGET /catalogo [32m200[0m 46.250 ms - 25311[0m
[0mPOST /add-to-cart [36m302[0m 58.072 ms - 38[0m
[0mGET /catalogo [32m200[0m 49.005 ms - 25311[0m
[0mPOST /add-to-cart [36m302[0m 59.329 ms - 38[0m
[0mGET /catalogo [32m200[0m 47.327 ms - 25311[0m
[0mPOST /add-to-cart [36m302[0m 61.940 ms - 38[0m
[0mGET /catalogo [32m200[0m 43.936 ms - 25312[0m
[0mPOST /add-to-cart [36m302[0m 65.608 ms - 38[0m
[0mGET /catalogo [32m200[0m 46.472 ms - 25312[0m
[0mGET /cesta [32m200[0m 3.547 ms - 11011[0m
[0mGET /success?token=8F649282NR033821T [32m200[0m 847.510 ms - 2985[0m
[0mGET /catalogo [32m200[0m 318.027 ms - 25252[0m
[0mGET /cesta [32m200[0m 4.262 ms - 2314[0m
[0mGET /blogs [36m304[0m 45.244 ms - -[0m
[0mGET /catalogo [36m304[0m 46.279 ms - -[0m
[0mGET /blogs [36m304[0m 48.190 ms - -[0m
[0mGET /blogs/crear [32m200[0m 49.298 ms - 3885[0m
[0mPOST /blogs [36m302[0m 629.114 ms - 35[0m
[0mGET /blogs [32m200[0m 167.739 ms - 3237[0m
[0mGET /blogs/67c0d69731e556b15fac24fb/editar [32m200[0m 44.689 ms - 6243[0m
[0mPUT /blogs/67c0d69731e556b15fac24fb?_method=PUT [36m302[0m 213.078 ms - 60[0m
[0mGET /blogs/67c0d69731e556b15fac24fb [32m200[0m 69.978 ms - 5668[0m
[0mGET /blogs [32m200[0m 44.032 ms - 3201[0m
[0mGET / [36m304[0m 47.644 ms - -[0m
[0mGET / [32m200[0m 51.674 ms - 4017[0m
[0mGET / [36m304[0m 64.701 ms - -[0m
[0mGET /private [33m404[0m 0.988 ms - 146[0m
[0mGET /private [33m404[0m 0.927 ms - 146[0m
[0mGET / [36m304[0m 44.874 ms - -[0m
[0mGET / [36m304[0m 48.695 ms - -[0m
[0mGET / [36m304[0m 44.364 ms - -[0m
[0mGET / [36m304[0m 47.384 ms - -[0m
[0mGET / [36m304[0m 43.834 ms - -[0m
[0mGET / [36m304[0m 45.296 ms - -[0m
[0mGET / [36m304[0m 45.357 ms - -[0m
[0mGET / [36m304[0m 63.353 ms - -[0m
[0mGET / [36m304[0m 46.258 ms - -[0m
[0mGET / [36m304[0m 46.915 ms - -[0m
[0mGET / [36m304[0m 43.726 ms - -[0m
[0mGET / [36m304[0m 46.595 ms - -[0m
[0mGET /private [33m404[0m 0.593 ms - 146[0m
[0mGET /catalogo [32m200[0m 87.772 ms - 25419[0m
[0mGET / [36m304[0m 44.464 ms - -[0m
[0mGET /blogs [32m200[0m 44.776 ms - 3368[0m
[0mGET /catalogo [36m304[0m 44.861 ms - -[0m
[0mGET /login [33m404[0m 0.416 ms - 144[0m
[0mGET /catalogo [36m304[0m 93.009 ms - -[0m
[0mGET /blogs [36m304[0m 58.797 ms - -[0m
[0mGET / [36m304[0m 87.237 ms - -[0m
[0mGET /blogs [36m304[0m 53.163 ms - -[0m
[0mGET /blogs [36m304[0m 45.323 ms - -[0m
[0mGET / [36m304[0m 45.007 ms - -[0m
[0mGET /blogs [36m304[0m 44.598 ms - -[0m
[0mGET /blogs/67c0d69731e556b15fac24fb [32m200[0m 54.430 ms - 5835[0m
[0mGET /blogs/67c0d69731e556b15fac24fb/editar [32m200[0m 44.535 ms - 6374[0m
[0mGET /blogs/67c0d69731e556b15fac24fb/editar [36m304[0m 46.679 ms - -[0m
[0mGET /blogs [36m304[0m 82.319 ms - -[0m
[0mGET /blogs/crear [32m200[0m 111.153 ms - 4052[0m
[0mGET /blogs/crear [36m304[0m 44.710 ms - -[0m
[0mGET /blogs [36m304[0m 75.454 ms - -[0m
[0mGET / [36m304[0m 44.044 ms - -[0m
[0mGET /blogs [36m304[0m 43.988 ms - -[0m
[0mGET /blogs/67c0d69731e556b15fac24fb [36m304[0m 52.151 ms - -[0m
[0mGET /blogs/67c0d69731e556b15fac24fb/editar [36m304[0m 43.575 ms - -[0m
[0mGET /blogs/67c0d69731e556b15fac24fb [36m304[0m 82.518 ms - -[0m
[0mGET /blogs [36m304[0m 69.603 ms - -[0m
[0mGET /blogs/crear [36m304[0m 43.913 ms - -[0m
[0mGET /catalogo [36m304[0m 44.862 ms - -[0m
[0mGET /catalogo [36m304[0m 48.086 ms - -[0m
[0mGET /cesta [32m200[0m 5.187 ms - 2481[0m
[0mGET /cesta [36m304[0m 2.118 ms - -[0m
[0mGET /blogs [36m304[0m 45.243 ms - -[0m
[0mGET /catalogo [36m304[0m 44.977 ms - -[0m
[0mGET /cesta [36m304[0m 2.581 ms - -[0m
[0mGET /catalogo [36m304[0m 44.606 ms - -[0m
[0mGET /cesta [36m304[0m 2.674 ms - -[0m
[0mGET /catalogo [36m304[0m 47.537 ms - -[0m
[0mGET / [36m304[0m 43.260 ms - -[0m
[0mGET /catalogo [36m304[0m 45.056 ms - -[0m
[0mGET /blogs [36m304[0m 44.560 ms - -[0m
[0mGET /logout [33m404[0m 3.713 ms - 145[0m
[0mGET /catalogo [32m200[0m 68.074 ms - 25420[0m
[0mGET /sign-up [31m500[0m 5.537 ms - 1747[0m
[0mGET /sign-up [32m200[0m 3.061 ms - 4258[0m
[0mGET /sign-up [36m304[0m 2.623 ms - -[0m
[0mGET /blogs [32m200[0m 85.976 ms - 3369[0m
[0mGET /login [33m404[0m 3.467 ms - 144[0m
[0mGET /sign-up [32m200[0m 4.148 ms - 4398[0m
[0mGET /sign-up [36m304[0m 3.794 ms - -[0m
[0mGET /sign-up [36m304[0m 5.931 ms - -[0m
[0mGET /sign-up [36m304[0m 2.271 ms - -[0m
[0mGET /sign-up [36m304[0m 3.354 ms - -[0m
[0mGET /sign-up [36m304[0m 2.570 ms - -[0m
[0mGET /sign-up [36m304[0m 2.119 ms - -[0m
[0mGET /sign-up [36m304[0m 2.753 ms - -[0m
[0mGET /sign-up [36m304[0m 2.421 ms - -[0m
[0mGET /sign-up [36m304[0m 2.131 ms - -[0m
[0mGET /sign-up [36m304[0m 2.109 ms - -[0m
[0mGET /sign-up [36m304[0m 3.394 ms - -[0m
[0mGET /sign-up [36m304[0m 11.227 ms - -[0m
[0mGET /sign-up [36m304[0m 3.005 ms - -[0m
[0mGET /sign-up [36m304[0m 2.639 ms - -[0m
[0mGET /sign-up [36m304[0m 2.807 ms - -[0m
[0mGET /sign-up [36m304[0m 3.598 ms - -[0m
[0mGET /sign-up [32m200[0m 4.387 ms - 4488[0m
[0mGET /sign-up [36m304[0m 2.821 ms - -[0m
[0mGET /sign-up [36m304[0m 2.287 ms - -[0m
[0mGET /sign-up [36m304[0m 13.616 ms - -[0m
[0mPOST /sign-up [31m500[0m 25.002 ms - 29[0m
[0mPOST /sign-up [31m500[0m 16.851 ms - 29[0m
[0mGET /sign-up [36m304[0m 19.950 ms - -[0m
[0mPOST /sign-up [31m500[0m 13.421 ms - 29[0m
[0mPOST /sign-up [31m500[0m 15.494 ms - 29[0m
[0mGET /sign-up [32m200[0m 14.713 ms - 4482[0m
[0mPOST /sign-up [31m500[0m 13.043 ms - 29[0m
[0mGET / [32m200[0m 76.998 ms - 4018[0m
[0mGET /catalogo [36m304[0m 49.610 ms - -[0m
[0mGET /sign-up [36m304[0m 5.078 ms - -[0m
[0mGET /login [33m404[0m 2.280 ms - 144[0m
[0mGET /private [31m500[0m 0.827 ms - 1413[0m
[0mGET /private [31m500[0m 0.915 ms - 1413[0m
[0mGET /sign-up [32m200[0m 13.757 ms - 4344[0m
[0mGET /private [36m302[0m 2.522 ms - 35[0m
[0mGET /login [33m404[0m 1.549 ms - 144[0m
[0mPOST /sign-up [31m500[0m 2.681 ms - 29[0m
[0mPOST /sign-up [31m500[0m 105.461 ms - 30[0m
[0mPOST /sign-up [31m500[0m 69.191 ms - 30[0m
[0mGET /sign-up [36m304[0m 15.796 ms - -[0m
[0mPOST /sign-up [31m500[0m 79.923 ms - 29[0m
[0mGET /sign-up [36m304[0m 15.252 ms - -[0m
[0mGET /private [36m302[0m 2.791 ms - 35[0m
[0mGET /login [33m404[0m 2.675 ms - 144[0m
[0mGET /sign-up [36m304[0m 4.276 ms - -[0m
[0mGET /sign-up [36m304[0m 3.011 ms - -[0m
[0mPOST /sign-up [33m400[0m 1.389 ms - 26[0m
[0mGET /sign-up [32m200[0m 13.991 ms - 2348[0m
[0mPOST /sign-up [33m400[0m 1.378 ms - 26[0m
[0mPOST /sign-up [33m400[0m 6.794 ms - 26[0m
[0mGET /sign-up [36m304[0m 11.301 ms - -[0m
[0mGET /sign-up [36m304[0m 2.837 ms - -[0m
[0mPOST /sign-up [33m400[0m 1.343 ms - 26[0m
[0mGET /sign-up [36m304[0m 14.402 ms - -[0m
[0mGET /sign-up [36m304[0m 3.524 ms - -[0m
[0mGET /catalogo [36m304[0m 58.682 ms - -[0m
[0mGET /sign-up [36m304[0m 6.048 ms - -[0m
[0mPOST /sign-up [33m400[0m 1.132 ms - 26[0m
[0mGET /blogs [36m304[0m 87.819 ms - -[0m
[0mGET /sign-up [36m304[0m 3.862 ms - -[0m
[0mPOST /sign-up [33m400[0m 4.551 ms - 26[0m
[0mGET / [36m304[0m 48.690 ms - -[0m
[0mGET /sign-up [32m200[0m 3.805 ms - 2350[0m
[0mGET /sign-up [36m304[0m 4.243 ms - -[0m
[0mPOST /sign-up [33m400[0m 1.193 ms - 26[0m
[0mGET /private [36m302[0m 2.196 ms - 35[0m
[0mGET /login [33m404[0m 1.602 ms - 144[0m
[0mGET /catalogo [36m304[0m 117.896 ms - -[0m
[0mGET /sign-up [32m200[0m 3.613 ms - 2348[0m
[0mPOST /sign-up [31m500[0m 21.658 ms - 27[0m
[0mGET /login [31m500[0m 9.492 ms - 2229[0m
[0mGET /login [32m200[0m 12.833 ms - 2317[0m
[0mGET /login [36m304[0m 3.745 ms - -[0m
[0mPOST /login [31m500[0m 2.319 ms - 1551[0m
[0mGET /private [36m302[0m 2.106 ms - 35[0m
[0mGET /login [36m304[0m 3.868 ms - -[0m
[0mGET /private [36m302[0m 0.597 ms - 35[0m
[0mGET /login [36m304[0m 2.369 ms - -[0m
[0mGET /private [36m302[0m 0.640 ms - 35[0m
[0mGET /login [36m304[0m 2.446 ms - -[0m
[0mGET /private [36m302[0m 0.596 ms - 35[0m
[0mGET /login [36m304[0m 2.230 ms - -[0m
[0mGET / [36m304[0m 60.145 ms - -[0m
[0mGET / [36m304[0m 45.797 ms - -[0m
[0mGET /blogs [36m304[0m 68.299 ms - -[0m
[0mGET /blogs/crear [32m200[0m 44.935 ms - 4053[0m
[0mGET /blogs [36m304[0m 51.460 ms - -[0m
[0mGET /catalogo [36m304[0m 48.536 ms - -[0m
[0mGET /cesta [32m200[0m 3.310 ms - 2482[0m
[0mGET /login [36m304[0m 2.747 ms - -[0m
[0mGET /sign-up [36m304[0m 2.950 ms - -[0m
[0mGET /private [36m302[0m 2.135 ms - 35[0m
[0mGET /login [36m304[0m 2.321 ms - -[0m
[0mGET /private [36m302[0m 0.696 ms - 35[0m
[0mGET /login [36m304[0m 2.090 ms - -[0m
[0mGET /private [36m302[0m 0.633 ms - 35[0m
[0mGET /login [36m304[0m 2.935 ms - -[0m
[0mGET /private [36m302[0m 0.705 ms - 35[0m
[0mGET /login [36m304[0m 2.101 ms - -[0m
[0mGET / [36m304[0m 45.282 ms - -[0m
[0mGET /sign-up [36m304[0m 3.337 ms - -[0m
[0mGET /login [36m304[0m 2.145 ms - -[0m
[0mGET /sign-up [36m304[0m 3.740 ms - -[0m
[0mGET / [36m304[0m 45.127 ms - -[0m
[0mGET /login [36m304[0m 2.346 ms - -[0m
[0mGET / [36m304[0m 44.986 ms - -[0m
[0mGET / [31m500[0m 3.639 ms - 1593[0m
[0mGET / [31m500[0m 0.972 ms - 1593[0m
[0mGET / [31m500[0m 0.436 ms - 1593[0m
[0mGET / [31m500[0m 3.195 ms - 1593[0m
[0mGET / [31m500[0m 0.568 ms - 1593[0m
[0mGET / [31m500[0m 0.356 ms - 1593[0m
[0mGET / [32m200[0m 60.130 ms - 4018[0m
[0mGET /login [36m304[0m 6.133 ms - -[0m
[0mGET /catalogo [36m304[0m 51.450 ms - -[0m
[0mGET /sign-up [36m304[0m 4.302 ms - -[0m
[0mGET /private [36m302[0m 2.643 ms - 35[0m
[0mGET /login [36m304[0m 2.660 ms - -[0m
[0mGET /blogs [32m200[0m 66.087 ms - 3369[0m
[0mGET / [36m304[0m 45.355 ms - -[0m
[0mGET /catalogo [36m304[0m 50.230 ms - -[0m
[0mGET /cesta [36m304[0m 4.759 ms - -[0m
[0mGET /catalogo [36m304[0m 48.032 ms - -[0m
[0mGET / [36m304[0m 91.929 ms - -[0m
[0mGET /error [33m404[0m 2.248 ms - 4286[0m
[0mGET /error [33m404[0m 1.783 ms - 4288[0m
[0mGET /error [33m404[0m 1.642 ms - 4288[0m
[0mGET /error [33m404[0m 1.415 ms - 4288[0m
[0mGET /error [33m404[0m 1.310 ms - 4288[0m
[0mGET /error [33m404[0m 2.849 ms - 2835[0m
[0mGET /error [33m404[0m 1.771 ms - 2835[0m
[0mGET /error [33m404[0m 1.901 ms - 2835[0m
[0mGET /error [33m404[0m 1.402 ms - 2835[0m
[0mGET /error [33m404[0m 1.447 ms - 2030[0m
[0mGET /error [33m404[0m 2.596 ms - 2030[0m
[0mGET /error [33m404[0m 1.901 ms - 2030[0m
[0mGET /erroror [33m404[0m 1.716 ms - 2030[0m
[0mGET /cesta [36m304[0m 4.017 ms - -[0m
[0mGET /catalogo [36m304[0m 47.469 ms - -[0m
[0mGET / [36m304[0m 44.171 ms - -[0m
[0mGET /sign-up [36m304[0m 16.458 ms - -[0m
[0mGET /sign-up [36m304[0m 4.853 ms - -[0m
[0mGET /login [36m304[0m 5.249 ms - -[0m
[0mGET /catalogo [36m304[0m 49.934 ms - -[0m
[0mGET /blogs [36m304[0m 95.802 ms - -[0m
[0mGET / [36m304[0m 36.818 ms - -[0m
[0mGET /catalogo [36m304[0m 41.292 ms - -[0m
[0mGET /blogs [36m304[0m 38.132 ms - -[0m
[0mGET / [36m304[0m 42.817 ms - -[0m
[0mGET /blogs [36m304[0m 38.779 ms - -[0m
[0mGET /login [36m304[0m 2.522 ms - -[0m
[0mGET /sign-up [36m304[0m 2.563 ms - -[0m
[0mGET /blogs [36m304[0m 37.610 ms - -[0m
[0mGET /blogs/67c0d69731e556b15fac24fb [32m200[0m 48.763 ms - 5836[0m
[0mGET /blogs [36m304[0m 39.388 ms - -[0m
[0mGET / [36m304[0m 36.427 ms - -[0m
[0mGET /private [36m302[0m 2.538 ms - 35[0m
[0mGET /login [36m304[0m 1.964 ms - -[0m
[0mGET / [36m304[0m 37.891 ms - -[0m
